<?xml version="1.0" encoding="UTF-8"?>
<!-- Generated by org.testng.reporters.JUnitReportReporter -->
<testsuite hostname="5nroor063" failures="0" tests="3" name="curs16.BeforeAfterAnnotations" time="0.005" errors="0" timestamp="2024-05-13T20:59:21 OESZ" skipped="0">
  <testcase classname="curs16.BeforeAfterAnnotations" name="test3" time="0.002"/>
  <system-out/>
  <testcase classname="curs16.BeforeAfterAnnotations" name="test1" time="0.003"/>
  <system-out/>
  <testcase classname="curs16.BeforeAfterAnnotations" name="test2" time="0.000"/>
  <system-out/>
</testsuite> <!-- curs16.BeforeAfterAnnotations -->
