<?xml version="1.0" encoding="UTF-8"?>
<!-- Generated by org.testng.reporters.JUnitReportReporter -->
<testsuite hostname="5nroor063" failures="0" tests="5" name="curs16.TestPriorityExample" time="0.014" errors="0" timestamp="2024-05-13T19:47:55 OESZ" skipped="0">
  <testcase classname="curs16.TestPriorityExample" name="four" time="0.002"/>
  <system-out/>
  <testcase classname="curs16.TestPriorityExample" name="five" time="0.008"/>
  <system-out/>
  <testcase classname="curs16.TestPriorityExample" name="one" time="0.001"/>
  <system-out/>
  <testcase classname="curs16.TestPriorityExample" name="two" time="0.002"/>
  <system-out/>
  <testcase classname="curs16.TestPriorityExample" name="three" time="0.001"/>
  <system-out/>
</testsuite> <!-- curs16.TestPriorityExample -->
