<?xml version="1.0" encoding="UTF-8"?>
<!-- Generated by org.testng.reporters.JUnitReportReporter -->
<testsuite hostname="5nroor063" failures="0" tests="3" name="curs16.TestAnnotationExample" time="0.013" errors="0" timestamp="2024-05-13T19:35:31 OESZ" skipped="0">
  <testcase classname="curs16.TestAnnotationExample" name="test2" time="0.001"/>
  <system-out/>
  <testcase classname="curs16.TestAnnotationExample" name="test3" time="0.001"/>
  <system-out/>
  <testcase classname="curs16.TestAnnotationExample" name="test1" time="0.011"/>
  <system-out/>
</testsuite> <!-- curs16.TestAnnotationExample -->
