<?xml version="1.0" encoding="UTF-8"?>
<!-- Generated by org.testng.reporters.JUnitReportReporter -->
<testsuite hostname="5nroor063" failures="0" tests="1" name="curs15.OpenBrowser" time="7.999" errors="0" timestamp="2024-05-13T08:49:27 OESZ" skipped="0">
  <testcase classname="curs15.OpenBrowser" name="openBrowser" time="7.999"/>
  <system-out/>
</testsuite> <!-- curs15.OpenBrowser -->
