<?xml version="1.0" encoding="UTF-8"?>
<!-- Generated by org.testng.reporters.JUnitReportReporter -->
<testsuite hostname="5nroor063" failures="0" tests="1" name="curs17.FindElementsExample" time="0.062" errors="0" timestamp="2024-05-15T21:28:01 OESZ" skipped="0">
  <testcase classname="curs17.FindElementsExample" name="findElementsExample" time="0.062"/>
  <system-out/>
</testsuite> <!-- curs17.FindElementsExample -->
