<?xml version="1.0" encoding="UTF-8"?>
<!-- Generated by org.testng.reporters.JUnitReportReporter -->
<testsuite hostname="5nroor063" failures="0" tests="1" name="curs16.WebElementExample" time="0.515" errors="0" timestamp="2024-05-13T21:34:57 OESZ" skipped="0">
  <testcase classname="curs16.WebElementExample" name="login" time="0.515"/>
  <system-out/>
</testsuite> <!-- curs16.WebElementExample -->
